<?xml version="1.0" encoding="UTF-8"?>
<testng-results skipped="0" failed="0" ignored="0" total="1" passed="1">
  <reporter-output>
  </reporter-output>
  <suite name="Default suite" duration-ms="14115" started-at="2020-03-30T11:16:55Z" finished-at="2020-03-30T11:17:09Z">
    <groups>
    </groups>
    <test name="Default test" duration-ms="14115" started-at="2020-03-30T11:16:55Z" finished-at="2020-03-30T11:17:09Z">
      <class name="SeleniumFirstPack.first">
        <test-method status="PASS" signature="launchChrome()[pri:0, instance:SeleniumFirstPack.first@6767c1fc]" name="launchChrome" duration-ms="14047" started-at="2020-03-30T11:16:55Z" finished-at="2020-03-30T11:17:09Z">
          <reporter-output>
          </reporter-output>
        </test-method> <!-- launchChrome -->
      </class> <!-- SeleniumFirstPack.first -->
    </test> <!-- Default test -->
  </suite> <!-- Default suite -->
</testng-results>
